0 info it worked if it ends with ok
1 verbose cli [ '/Users/alexandermays/.nvm/versions/node/v5.5.0/bin/node',
1 verbose cli   '/Users/alexandermays/.nvm/versions/node/v5.5.0/bin/npm',
1 verbose cli   'run',
1 verbose cli   'dev' ]
2 info using npm@3.7.3
3 info using node@v5.5.0
4 verbose run-script [ 'predev', 'dev', 'postdev' ]
5 info lifecycle angular2-webpack-starter@5.0.5~predev: angular2-webpack-starter@5.0.5
6 silly lifecycle angular2-webpack-starter@5.0.5~predev: no script for predev, continuing
7 info lifecycle angular2-webpack-starter@5.0.5~dev: angular2-webpack-starter@5.0.5
8 verbose lifecycle angular2-webpack-starter@5.0.5~dev: unsafe-perm in lifecycle true
9 verbose lifecycle angular2-webpack-starter@5.0.5~dev: PATH: /Users/alexandermays/.nvm/versions/node/v5.5.0/lib/node_modules/npm/bin/node-gyp-bin:/Users/alexandermays/Projects/jasmine-test-analyzer/node_modules/.bin:/Users/alexandermays/.nvm/versions/node/v5.5.0/bin:/Users/alexandermays/.sdkman/candidates/grails/current/bin:/Users/alexandermays/.nvm/versions/node/v5.5.0/bin:/Users/alexandermays/.rbenv/shims:/Users/alexandermays/bin:/usr/local/bin:/usr/bin:/bin:/usr/sbin:/sbin:/opt/X11/bin
10 verbose lifecycle angular2-webpack-starter@5.0.5~dev: CWD: /Users/alexandermays/Projects/jasmine-test-analyzer
11 silly lifecycle angular2-webpack-starter@5.0.5~dev: Args: [ '-c', 'cross-env PORT=3000 NODE_ENV=development bin/www' ]
12 silly lifecycle angular2-webpack-starter@5.0.5~dev: Returned: code: 1  signal: null
13 info lifecycle angular2-webpack-starter@5.0.5~dev: Failed to exec dev script
14 verbose stack Error: angular2-webpack-starter@5.0.5 dev: `cross-env PORT=3000 NODE_ENV=development bin/www`
14 verbose stack Exit status 1
14 verbose stack     at EventEmitter.<anonymous> (/Users/alexandermays/.nvm/versions/node/v5.5.0/lib/node_modules/npm/lib/utils/lifecycle.js:239:16)
14 verbose stack     at emitTwo (events.js:100:13)
14 verbose stack     at EventEmitter.emit (events.js:185:7)
14 verbose stack     at ChildProcess.<anonymous> (/Users/alexandermays/.nvm/versions/node/v5.5.0/lib/node_modules/npm/lib/utils/spawn.js:24:14)
14 verbose stack     at emitTwo (events.js:100:13)
14 verbose stack     at ChildProcess.emit (events.js:185:7)
14 verbose stack     at maybeClose (internal/child_process.js:821:16)
14 verbose stack     at Process.ChildProcess._handle.onexit (internal/child_process.js:211:5)
15 verbose pkgid angular2-webpack-starter@5.0.5
16 verbose cwd /Users/alexandermays/Projects/jasmine-test-analyzer
17 error Darwin 15.0.0
18 error argv "/Users/alexandermays/.nvm/versions/node/v5.5.0/bin/node" "/Users/alexandermays/.nvm/versions/node/v5.5.0/bin/npm" "run" "dev"
19 error node v5.5.0
20 error npm  v3.7.3
21 error code ELIFECYCLE
22 error angular2-webpack-starter@5.0.5 dev: `cross-env PORT=3000 NODE_ENV=development bin/www`
22 error Exit status 1
23 error Failed at the angular2-webpack-starter@5.0.5 dev script 'cross-env PORT=3000 NODE_ENV=development bin/www'.
23 error Make sure you have the latest version of node.js and npm installed.
23 error If you do, this is most likely a problem with the angular2-webpack-starter package,
23 error not with npm itself.
23 error Tell the author that this fails on your system:
23 error     cross-env PORT=3000 NODE_ENV=development bin/www
23 error You can get information on how to open an issue for this project with:
23 error     npm bugs angular2-webpack-starter
23 error Or if that isn't available, you can get their info via:
23 error     npm owner ls angular2-webpack-starter
23 error There is likely additional logging output above.
24 verbose exit [ 1, true ]
